
> gujarat-spinal-census@0.1.0 dev
> next dev

[32mready[39m - started server on 0.0.0.0:3000, url: http://localhost:3000
[36minfo[39m  - Loaded env from D:\Amarjeet\workplace\ProjectGSC\newgsc\guratspinal\gujarat-spinal-census\.env.local
[35mevent[39m - compiled client and server successfully in 1026 ms (314 modules)
[36mwait[39m  - compiling /_error (client and server)...
[35mevent[39m - compiled client and server successfully in 447 ms (315 modules)
[36mwait[39m  - compiling /admin/patients (client and server)...
[35mevent[39m - compiled client and server successfully in 1132 ms (1015 modules)
[36mwait[39m  - compiling /api/pagination (client and server)...
[36mwait[39m  - compiling /api/users (client and server)...
[35mevent[39m - compiled successfully in 156 ms (117 modules)
[35mevent[39m - compiled successfully (119 modules)
{ page: 5 } this is boyd of post
{ page: 5 } this is boyd of post
{ page: 5 } this is boyd of post
{ page: 5 } this is boyd of post
undefined
5 32 limit 8
5 32 limit 8
5 32 limit 8
5 32 limit 8
undefined
{ page: 5 } this is boyd of post
{ page: 5 } this is boyd of post
5 32 limit 8
undefined
5 32 limit 8
{ page: 5 } this is boyd of post
{ page: 5 } this is boyd of post
5 32 limit 8
5 32 limit 8
undefined
[36mwait[39m  - compiling...
[35mevent[39m - compiled successfully in 56 ms (104 modules)
[36mwait[39m  - compiling /api/pagination (client and server)...
[36mwait[39m  - compiling /api/users (client and server)...
[35mevent[39m - compiled successfully in 204 ms (117 modules)
[35mevent[39m - compiled successfully (119 modules)
undefined
{ page: 5 } this is boyd of post
{ page: 5 } this is boyd of post
{ page: 5 } this is boyd of post
{ page: 5 } this is boyd of post
5 32 limit 8
5 32 limit 8
5 32 limit 8
5 32 limit 8
undefined
[36mwait[39m  - compiling...
[35mevent[39m - compiled successfully in 42 ms (118 modules)
[36mwait[39m  - compiling /api/pagination (client and server)...
[36mwait[39m  - compiling /api/users (client and server)...
[35mevent[39m - compiled successfully in 148 ms (117 modules)
[35mevent[39m - compiled successfully (119 modules)
undefined
{ page: 5 } this is boyd of post
{ page: 5 } this is boyd of post
{ page: 5 } this is boyd of post
{ page: 5 } this is boyd of post
5 32 limit 8
5 32 limit 8
5 32 limit 8
5 32 limit 8
undefined
[36mwait[39m  - compiling...
[35mevent[39m - compiled client and server successfully in 628 ms (1028 modules)
[36mwait[39m  - compiling /api/pagination (client and server)...
[35mevent[39m - compiled successfully in 38 ms (119 modules)
{ page: 5 } this is boyd of post
{ page: 5 } this is boyd of post
thisi starting of get
[36mwait[39m  - compiling...
5 32 limit 8
5 32 limit 8
[35mevent[39m - compiled client and server successfully in 218 ms (1029 modules)
[ { _id: 'total', count: 65 } ] this is posts
[36mwait[39m  - compiling...
[35mevent[39m - compiled client and server successfully in 153 ms (1027 modules)
{ page: 5 } this is boyd of post
{ page: 5 } this is boyd of post
thisi starting of get
{ page: 5 } this is boyd of post
{ page: 5 } this is boyd of post
5 32 limit 8
[ { _id: 'total', count: 65 } ] this is posts
thisi starting of get
[ { _id: 'total', count: 65 } ] this is posts
5 32 limit 8
5 32 limit 8
5 32 limit 8
[36mwait[39m  - compiling...
[36mwait[39m  - compiling...
[35mevent[39m - compiled client and server successfully in 1106 ms (1014 modules)
[36mwait[39m  - compiling...
[35mevent[39m - compiled client and server successfully in 432 ms (1014 modules)
[36mwait[39m  - compiling /api/pagination (client and server)...
[35mevent[39m - compiled successfully in 55 ms (117 modules)
{ page: 5 } this is boyd of post
{ page: 5 } this is boyd of post
thisi starting of get
{ page: 5 } this is boyd of post
{ page: 5 } this is boyd of post
[ { _id: 'total', count: 65 } ] this is posts
thisi starting of get
5 32 limit 8
5 32 limit 8
5 32 limit 8
5 32 limit 8
[ { _id: 'total', count: 65 } ] this is posts
[36mwait[39m  - compiling...
[35mevent[39m - compiled successfully in 62 ms (104 modules)
[36mwait[39m  - compiling /api/pagination (client and server)...
[35mevent[39m - compiled successfully in 186 ms (117 modules)
{ page: 5 } this is boyd of post
{ page: 5 } this is boyd of post
thisi starting of get
{ page: 5 } this is boyd of post
{ page: 5 } this is boyd of post
5 32 limit 8
5 32 limit 8
65 this is posts
5 32 limit 8
5 32 limit 8
thisi starting of get
65 this is posts
[36mwait[39m  - compiling...
[35mevent[39m - compiled successfully in 50 ms (104 modules)
[36mwait[39m  - compiling...
[36mwait[39m  - compiling /api/pagination (client and server)...
[35mevent[39m - compiled client and server successfully in 654 ms (1027 modules)
{ page: 5 } this is boyd of post
{ page: 5 } this is boyd of post
thisi starting of get
5 32 limit 8
65 this is posts
5 32 limit 8
[36mwait[39m  - compiling...
[35mevent[39m - compiled client and server successfully in 547 ms (1027 modules)
{ page: 5 } this is boyd of post
{ page: 5 } this is boyd of post
thisi starting of get
5 32 limit 8
65 this is posts
5 32 limit 8
[36mwait[39m  - compiling...
[35mevent[39m - compiled client and server successfully in 214 ms (1027 modules)
{ page: 5 } this is boyd of post
{ page: 5 } this is boyd of post
thisi starting of get
5 32 limit 8
{ page: 5 } this is boyd of post
{ page: 5 } this is boyd of post
5 32 limit 8
5 32 limit 8
65 this is posts
5 32 limit 8
thisi starting of get
65 this is posts
[36mwait[39m  - compiling...
[35mevent[39m - compiled client and server successfully in 200 ms (1027 modules)
[36mwait[39m  - compiling...
[36mwait[39m  - compiling...
[36mwait[39m  - compiling...
[36mwait[39m  - compiling /api/pagination (client and server)...
[35mevent[39m - compiled client and server successfully in 1096 ms (1027 modules)
{ page: 5 } this is boyd of post
{ page: 5 } this is boyd of post
thisi starting of get
5 32 limit 8
65 this is posts
5 32 limit 8
{ page: 5 } this is boyd of post
{ page: 5 } this is boyd of post
5 32 limit 8
thisi starting of get
5 32 limit 8
{ page: 5 } this is boyd of post
{ page: 5 } this is boyd of post
65 this is posts
5 32 limit 8
5 32 limit 8
thisi starting of get
65 this is posts
[36mwait[39m  - compiling /admin/pagination (client and server)...
[35mevent[39m - compiled client and server successfully in 665 ms (1017 modules)
[36mwait[39m  - compiling /api/users (client and server)...
[35mevent[39m - compiled successfully in 97 ms (119 modules)
eyJhbGciOiJIUzI1NiIsInR5cCI6IkpXVCJ9.eyJlbWFpbCI6ImFkbWluQGdzYy5pbiIsImlhdCI6MTY3NjYzMTUzMywiZXhwIjoxNjc2NjM1MTMzfQ.NSoFR-wr8NsozoEXffvIVsG1FIYT4PfbtxbyvJYM75w
[36mwait[39m  - compiling /api/pagination (client and server)...
[35mevent[39m - compiled successfully in 40 ms (120 modules)
{ page: 5 } this is boyd of post
{ page: 5 } this is boyd of post
thisi starting of get
{ page: 5 } this is boyd of post
{ page: 5 } this is boyd of post
65 this is posts
5 32 limit 8
5 32 limit 8
5 32 limit 8
5 32 limit 8
thisi starting of get
65 this is posts
eyJhbGciOiJIUzI1NiIsInR5cCI6IkpXVCJ9.eyJlbWFpbCI6ImFkbWluQGdzYy5pbiIsImlhdCI6MTY3NjYzMTUzMywiZXhwIjoxNjc2NjM1MTMzfQ.NSoFR-wr8NsozoEXffvIVsG1FIYT4PfbtxbyvJYM75w
[36mwait[39m  - compiling...
[35mevent[39m - compiled successfully in 46 ms (104 modules)
[36mwait[39m  - compiling...
[35mevent[39m - compiled client and server successfully in 320 ms (1014 modules)
[36mwait[39m  - compiling /api/pagination (client and server)...
[35mevent[39m - compiled successfully in 40 ms (117 modules)
{ page: 5 } this is boyd of post
{ page: 5 } this is boyd of post
thisi starting of get
5 32 limit 8
5 32 limit 8
65 this is posts
[36mwait[39m  - compiling...
[36mwait[39m  - compiling...
[36mwait[39m  - compiling...
[36mwait[39m  - compiling...
[36mwait[39m  - compiling...
[35mevent[39m - compiled client and server successfully in 651 ms (1014 modules)
[36mwait[39m  - compiling...
[35mevent[39m - compiled client and server successfully in 312 ms (1014 modules)
[36mwait[39m  - compiling /api/pagination (client and server)...
[35mevent[39m - compiled successfully in 29 ms (117 modules)
{ page: 5 } this is boyd of post
{ page: 5 } this is boyd of post
thisi starting of get
5 32 limit 8
65 this is posts
5 32 limit 8
[36mwait[39m  - compiling...
[35mevent[39m - compiled client and server successfully in 529 ms (1027 modules)
{ page: 5 } this is boyd of post
{ page: 5 } this is boyd of post
thisi starting of get
5 32 limit 8
5 32 limit 8
65 this is posts
{ page: 5 } this is boyd of post
{ page: 5 } this is boyd of post
5 32 limit 8
thisi starting of get
5 32 limit 8
65 this is posts
{ page: 5 } this is boyd of post
{ page: 5 } this is boyd of post
5 32 limit 8
5 32 limit 8
thisi starting of get
65 this is posts
[36mwait[39m  - compiling...
[35mevent[39m - compiled client and server successfully in 666 ms (1027 modules)
{ page: 5 } this is boyd of post
{ page: 5 } this is boyd of post
thisi starting of get
5 32 limit 8
65 this is posts
5 32 limit 8
{ page: 5 } this is boyd of post
{ page: 5 } this is boyd of post
5 32 limit 8
thisi starting of get
5 32 limit 8
65 this is posts
{ page: 5 } this is boyd of post
{ page: 5 } this is boyd of post
5 32 limit 8
5 32 limit 8
thisi starting of get
65 this is posts
[36mwait[39m  - compiling...
[36mwait[39m  - compiling...
[35mevent[39m - compiled client and server successfully in 494 ms (1027 modules)
{ page: 5 } this is boyd of post
{ page: 5 } this is boyd of post
thisi starting of get
5 32 limit 8
5 32 limit 8
65 this is posts
{ page: 5 } this is boyd of post
{ page: 5 } this is boyd of post
5 32 limit 8
thisi starting of get
5 32 limit 8
{ page: 5 } this is boyd of post
65 this is posts
{ page: 5 } this is boyd of post
5 32 limit 8
5 32 limit 8
thisi starting of get
65 this is posts
[36mwait[39m  - compiling...
[36mwait[39m  - compiling...
[35mevent[39m - compiled client and server successfully in 710 ms (1027 modules)
{ page: 5 } this is boyd of post
{ page: 5 } this is boyd of post
5 32 limit 8
5 32 limit 8
thisi starting of get
65 this is posts
[36mwait[39m  - compiling...
[35mevent[39m - compiled client and server successfully in 309 ms (1027 modules)
{ page: 5 } this is boyd of post
{ page: 5 } this is boyd of post
thisi starting of get
5 32 limit 8
5 32 limit 8
65 this is posts
{ page: 5 } this is boyd of post
{ page: 5 } this is boyd of post
thisi starting of get
{ page: 5 } this is boyd of post
{ page: 5 } this is boyd of post
5 32 limit 8
65 this is posts
5 32 limit 8
thisi starting of get
5 32 limit 8
5 32 limit 8
65 this is posts
[36mwait[39m  - compiling...
[35mevent[39m - compiled client and server successfully in 197 ms (1027 modules)
[36mwait[39m  - compiling...
[35mevent[39m - compiled client and server successfully in 189 ms (1014 modules)
[36mwait[39m  - compiling...
[36mwait[39m  - compiling /api/pagination (client and server)...
[35mevent[39m - compiled client and server successfully in 685 ms (1027 modules)
{ page: 5 } this is boyd of post
{ page: 5 } this is boyd of post
thisi starting of get
5 32 limit 8
65 this is posts
5 32 limit 8
[36mwait[39m  - compiling...
[36mwait[39m  - compiling /api/pagination (client and server)...
[35mevent[39m - compiled client and server successfully in 398 ms (1014 modules)
[35mevent[39m - compiled client and server successfully (1027 modules)
{ page: 5 } this is boyd of post
{ page: 5 } this is boyd of post
thisi starting of get
5 32 limit 8
65 this is posts
5 32 limit 8
[36mwait[39m  - compiling...
[36mwait[39m  - compiling...
[36mwait[39m  - compiling...
[36mwait[39m  - compiling...
[36mwait[39m  - compiling...
[35mevent[39m - compiled client and server successfully in 1714 ms (1027 modules)
{ page: 5 } this is boyd of post
{ page: 5 } this is boyd of post
thisi starting of get
5 32 limit 8
5 32 limit 8
65 this is posts
[36mwait[39m  - compiling...
[36mwait[39m  - compiling...
[36mwait[39m  - compiling...
[36mwait[39m  - compiling...
[36mwait[39m  - compiling...
[36mwait[39m  - compiling...
[36mwait[39m  - compiling /api/pagination (client and server)...
[35mevent[39m - compiled client and server successfully in 1604 ms (1027 modules)
{ page: 5 } this is boyd of post
{ page: 5 } this is boyd of post
thisi starting of get
5 32 limit 8
65 this is posts
5 32 limit 8
[36mwait[39m  - compiling...
[35mevent[39m - compiled client and server successfully in 200 ms (1027 modules)
[36mwait[39m  - compiling...
[36mwait[39m  - compiling /api/pagination (client and server)...
[35mevent[39m - compiled client and server successfully in 523 ms (1027 modules)
{ page: 5 } this is boyd of post
{ page: 5 } this is boyd of post
thisi starting of get
65 this is posts
5 32 limit 8
5 32 limit 8
[36mwait[39m  - compiling...
[35mevent[39m - compiled client and server successfully in 663 ms (1027 modules)
{ page: 5 } this is boyd of post
{ page: 5 } this is boyd of post
thisi starting of get
5 32 limit 8
65 this is posts
5 32 limit 8
[36mwait[39m  - compiling...
[35mevent[39m - compiled client and server successfully in 503 ms (1027 modules)
[36mwait[39m  - compiling...
[35mevent[39m - compiled client and server successfully in 292 ms (1027 modules)
[36mwait[39m  - compiling...
[35mevent[39m - compiled client and server successfully in 343 ms (1014 modules)
[36mwait[39m  - compiling...
[35mevent[39m - compiled client and server successfully in 265 ms (1014 modules)
[36mwait[39m  - compiling...
[36mwait[39m  - compiling...
[36mwait[39m  - compiling /api/pagination (client and server)...
[35mevent[39m - compiled client and server successfully in 698 ms (1014 modules)
[35mevent[39m - compiled client and server successfully (1027 modules)
{ page: 5 } this is boyd of post
{ page: 5 } this is boyd of post
thisi starting of get
5 32 limit 8
5 32 limit 8
65 this is posts
[36mwait[39m  - compiling...
[35mevent[39m - compiled client and server successfully in 615 ms (1027 modules)
{ page: 5 } this is boyd of post
{ page: 5 } this is boyd of post
thisi starting of get
5 32 limit 8
65 this is posts
5 32 limit 8
[36mwait[39m  - compiling...
[35mevent[39m - compiled client and server successfully in 553 ms (1027 modules)
{ page: 5 } this is boyd of post
5 32 limit 8
{ page: 5 } this is boyd of post
thisi starting of get
{ page: 5 } this is boyd of post
{ page: 5 } this is boyd of post
5 32 limit 8
65 this is posts
5 32 limit 8
5 32 limit 8
thisi starting of get
65 this is posts
[36mwait[39m  - compiling...
[35mevent[39m - compiled client and server successfully in 885 ms (1027 modules)
{ page: 5 } this is boyd of post
{ page: 5 } this is boyd of post
thisi starting of get
{ page: 5 } this is boyd of post
{ page: 5 } this is boyd of post
5 32 limit 8
5 32 limit 8
5 32 limit 8
65 this is posts
5 32 limit 8
thisi starting of get
65 this is posts
